\BOOKMARK [0][-]{chapter.1}{Introducci\363n}{}% 1
\BOOKMARK [1][-]{section.1.1}{Tecnolog\355as}{chapter.1}% 2
\BOOKMARK [2][-]{subsection.1.1.1}{Selecci\363n}{section.1.1}% 3
\BOOKMARK [2][-]{subsection.1.1.2}{Otros IDE's: Eclipse}{section.1.1}% 4
\BOOKMARK [2][-]{subsection.1.1.3}{Otros Servicios en la Nube: Parse16:parse:online}{section.1.1}% 5
\BOOKMARK [1][-]{section.1.2}{Instalaci\363n}{chapter.1}% 6
\BOOKMARK [2][-]{subsection.1.2.1}{AndroidStudio}{section.1.2}% 7
\BOOKMARK [2][-]{subsection.1.2.2}{Firebase}{section.1.2}% 8
\BOOKMARK [1][-]{section.1.3}{Otras Aplicaciones similares}{chapter.1}% 9
\BOOKMARK [2][-]{subsection.1.3.1}{Remind}{section.1.3}% 10
\BOOKMARK [2][-]{subsection.1.3.2}{miColegioApp}{section.1.3}% 11
\BOOKMARK [1][-]{section.1.4}{Tutoriales}{chapter.1}% 12
\BOOKMARK [0][-]{chapter.2}{Especificaci\363n de Requisitos}{}% 13
\BOOKMARK [1][-]{section.2.1}{Funcionalidades}{chapter.2}% 14
\BOOKMARK [1][-]{section.2.2}{Actividades}{chapter.2}% 15
\BOOKMARK [1][-]{section.2.3}{Sistemas de la Aplicaci\363n}{chapter.2}% 16
\BOOKMARK [1][-]{section.2.4}{Roles}{chapter.2}% 17
\BOOKMARK [0][-]{chapter.3}{Objetivos}{}% 18
\BOOKMARK [1][-]{section.3.1}{Objetivos Generales}{chapter.3}% 19
\BOOKMARK [1][-]{section.3.2}{Objetivos Espec\355ficos}{chapter.3}% 20
\BOOKMARK [0][-]{chapter.4}{Antecedentes}{}% 21
\BOOKMARK [0][-]{chapter.5}{Problemas}{}% 22
\BOOKMARK [0][-]{chapter.6}{Fases}{}% 23
\BOOKMARK [0][-]{chapter.7}{Desarrollo del Proyecto}{}% 24
\BOOKMARK [0][-]{chapter.8}{Conclusiones y Lineas futuras}{}% 25
\BOOKMARK [1][-]{section.8.1}{Lineas futuras}{chapter.8}% 26
\BOOKMARK [1][-]{section.8.2}{Conclusiones}{chapter.8}% 27
\BOOKMARK [0][-]{chapter.9}{Conclusions and Future lines}{}% 28
\BOOKMARK [1][-]{section.9.1}{Future lines}{chapter.9}% 29
\BOOKMARK [1][-]{section.9.2}{Conclusions}{chapter.9}% 30
\BOOKMARK [0][-]{chapter.10}{Presupuesto}{}% 31
\BOOKMARK [0][-]{chapter.11}{TODO}{}% 32
\BOOKMARK [0][-]{appendix.Alph1}{Diagrama de Clases}{}% 33
\BOOKMARK [0][-]{appendix.Alph2}{Diagrama de Actividades}{}% 34
