This is pdfTeX, Version 3.1415926-2.5-1.40.14 (MiKTeX 2.9) (preloaded format=pdflatex 2014.12.10)  10 DEC 2014 17:54
entering extended mode
**memoria-pfc.tex
(C:\Users\Gonzalo\Desktop\MemoriaEjemplo\memoria-pfc.tex
LaTeX2e <2011/06/27>
Babel <v3.8m> and hyphenation patterns for english, afrikaans, ancientgreek, ar
abic, armenian, assamese, basque, bengali, bokmal, bulgarian, catalan, coptic, 
croatian, czech, danish, dutch, esperanto, estonian, farsi, finnish, french, ga
lician, german, german-x-2013-05-26, greek, gujarati, hindi, hungarian, iceland
ic, indonesian, interlingua, irish, italian, kannada, kurmanji, latin, latvian,
 lithuanian, malayalam, marathi, mongolian, mongolianlmc, monogreek, ngerman, n
german-x-2013-05-26, nynorsk, oriya, panjabi, pinyin, polish, portuguese, roman
ian, russian, sanskrit, serbian, slovak, slovenian, spanish, swedish, swissgerm
an, tamil, telugu, turkish, turkmen, ukenglish, ukrainian, uppersorbian, usengl
ishmax, welsh, loaded.
("C:\Program Files (x86)\MiKTeX 2.9\tex\latex\base\book.cls"
Document Class: book 2007/10/19 v1.4h Standard LaTeX document class
("C:\Program Files (x86)\MiKTeX 2.9\tex\latex\base\bk12.clo"
File: bk12.clo 2007/10/19 v1.4h Standard LaTeX file (size option)
)
\c@part=\count79
\c@chapter=\count80
\c@section=\count81
\c@subsection=\count82
\c@subsubsection=\count83
\c@paragraph=\count84
\c@subparagraph=\count85
\c@figure=\count86
\c@table=\count87
\abovecaptionskip=\skip41
\belowcaptionskip=\skip42
\bibindent=\dimen102
)
("C:\Program Files (x86)\MiKTeX 2.9\tex\latex\geometry\geometry.sty"
Package: geometry 2010/09/12 v5.6 Page Geometry

("C:\Program Files (x86)\MiKTeX 2.9\tex\latex\graphics\keyval.sty"
Package: keyval 1999/03/16 v1.13 key=value parser (DPC)
\KV@toks@=\toks14
)
("C:\Program Files (x86)\MiKTeX 2.9\tex\generic\oberdiek\ifpdf.sty"
Package: ifpdf 2011/01/30 v2.3 Provides the ifpdf switch (HO)
Package ifpdf Info: pdfTeX in PDF mode is detected.
)
("C:\Program Files (x86)\MiKTeX 2.9\tex\generic\oberdiek\ifvtex.sty"
Package: ifvtex 2010/03/01 v1.5 Detect VTeX and its facilities (HO)
Package ifvtex Info: VTeX not detected.
)
("C:\Program Files (x86)\MiKTeX 2.9\tex\generic\ifxetex\ifxetex.sty"
Package: ifxetex 2010/09/12 v0.6 Provides ifxetex conditional
)
\Gm@cnth=\count88
\Gm@cntv=\count89
\c@Gm@tempcnt=\count90
\Gm@bindingoffset=\dimen103
\Gm@wd@mp=\dimen104
\Gm@odd@mp=\dimen105
\Gm@even@mp=\dimen106
\Gm@layoutwidth=\dimen107
\Gm@layoutheight=\dimen108
\Gm@layouthoffset=\dimen109
\Gm@layoutvoffset=\dimen110
\Gm@dimlist=\toks15

("C:\Program Files (x86)\MiKTeX 2.9\tex\latex\geometry\geometry.cfg"))
("C:\Program Files (x86)\MiKTeX 2.9\tex\generic\babel\babel.sty"
Package: babel 2008/07/08 v3.8m The Babel package

*************************************
* Local config file bblopts.cfg used
*
("C:\Program Files (x86)\MiKTeX 2.9\tex\latex\00miktex\bblopts.cfg"
File: bblopts.cfg 2006/07/31 v1.0 MiKTeX 'babel' configuration
)
("C:\Program Files (x86)\MiKTeX 2.9\tex\generic\babel\spanish.ldf"
Language: spanish.ldf 2009/01/02 v5.0h Spanish support from the babel system

("C:\Program Files (x86)\MiKTeX 2.9\tex\generic\babel\babel.def"
File: babel.def 2008/07/08 v3.8m Babel common definitions
\babel@savecnt=\count91
\U@D=\dimen111
)
\es@datefmt=\count92
\es@quottoks=\toks16
\es@quotdepth=\count93
Package babel Info: Making " an active character on input line 492.
Package babel Info: Making . an active character on input line 585.
Package babel Info: Making < an active character on input line 630.
Package babel Info: Making > an active character on input line 630.
))
("C:\Program Files (x86)\MiKTeX 2.9\tex\latex\base\inputenc.sty"
Package: inputenc 2008/03/30 v1.1d Input encoding file
\inpenc@prehook=\toks17
\inpenc@posthook=\toks18

("C:\Program Files (x86)\MiKTeX 2.9\tex\latex\base\utf8.def"
File: utf8.def 2008/04/05 v1.1m UTF-8 support for inputenc
Now handling font encoding OML ...
... no UTF-8 mapping file for font encoding OML
Now handling font encoding T1 ...
... processing UTF-8 mapping file for font encoding T1

("C:\Program Files (x86)\MiKTeX 2.9\tex\latex\base\t1enc.dfu"
File: t1enc.dfu 2008/04/05 v1.1m UTF-8 support for inputenc
   defining Unicode char U+00A1 (decimal 161)
   defining Unicode char U+00A3 (decimal 163)
   defining Unicode char U+00AB (decimal 171)
   defining Unicode char U+00BB (decimal 187)
   defining Unicode char U+00BF (decimal 191)
   defining Unicode char U+00C0 (decimal 192)
   defining Unicode char U+00C1 (decimal 193)
   defining Unicode char U+00C2 (decimal 194)
   defining Unicode char U+00C3 (decimal 195)
   defining Unicode char U+00C4 (decimal 196)
   defining Unicode char U+00C5 (decimal 197)
   defining Unicode char U+00C6 (decimal 198)
   defining Unicode char U+00C7 (decimal 199)
   defining Unicode char U+00C8 (decimal 200)
   defining Unicode char U+00C9 (decimal 201)
   defining Unicode char U+00CA (decimal 202)
   defining Unicode char U+00CB (decimal 203)
   defining Unicode char U+00CC (decimal 204)
   defining Unicode char U+00CD (decimal 205)
   defining Unicode char U+00CE (decimal 206)
   defining Unicode char U+00CF (decimal 207)
   defining Unicode char U+00D0 (decimal 208)
   defining Unicode char U+00D1 (decimal 209)
   defining Unicode char U+00D2 (decimal 210)
   defining Unicode char U+00D3 (decimal 211)
   defining Unicode char U+00D4 (decimal 212)
   defining Unicode char U+00D5 (decimal 213)
   defining Unicode char U+00D6 (decimal 214)
   defining Unicode char U+00D8 (decimal 216)
   defining Unicode char U+00D9 (decimal 217)
   defining Unicode char U+00DA (decimal 218)
   defining Unicode char U+00DB (decimal 219)
   defining Unicode char U+00DC (decimal 220)
   defining Unicode char U+00DD (decimal 221)
   defining Unicode char U+00DE (decimal 222)
   defining Unicode char U+00DF (decimal 223)
   defining Unicode char U+00E0 (decimal 224)
   defining Unicode char U+00E1 (decimal 225)
   defining Unicode char U+00E2 (decimal 226)
   defining Unicode char U+00E3 (decimal 227)
   defining Unicode char U+00E4 (decimal 228)
   defining Unicode char U+00E5 (decimal 229)
   defining Unicode char U+00E6 (decimal 230)
   defining Unicode char U+00E7 (decimal 231)
   defining Unicode char U+00E8 (decimal 232)
   defining Unicode char U+00E9 (decimal 233)
   defining Unicode char U+00EA (decimal 234)
   defining Unicode char U+00EB (decimal 235)
   defining Unicode char U+00EC (decimal 236)
   defining Unicode char U+00ED (decimal 237)
   defining Unicode char U+00EE (decimal 238)
   defining Unicode char U+00EF (decimal 239)
   defining Unicode char U+00F0 (decimal 240)
   defining Unicode char U+00F1 (decimal 241)
   defining Unicode char U+00F2 (decimal 242)
   defining Unicode char U+00F3 (decimal 243)
   defining Unicode char U+00F4 (decimal 244)
   defining Unicode char U+00F5 (decimal 245)
   defining Unicode char U+00F6 (decimal 246)
   defining Unicode char U+00F8 (decimal 248)
   defining Unicode char U+00F9 (decimal 249)
   defining Unicode char U+00FA (decimal 250)
   defining Unicode char U+00FB (decimal 251)
   defining Unicode char U+00FC (decimal 252)
   defining Unicode char U+00FD (decimal 253)
   defining Unicode char U+00FE (decimal 254)
   defining Unicode char U+00FF (decimal 255)
   defining Unicode char U+0102 (decimal 258)
   defining Unicode char U+0103 (decimal 259)
   defining Unicode char U+0104 (decimal 260)
   defining Unicode char U+0105 (decimal 261)
   defining Unicode char U+0106 (decimal 262)
   defining Unicode char U+0107 (decimal 263)
   defining Unicode char U+010C (decimal 268)
   defining Unicode char U+010D (decimal 269)
   defining Unicode char U+010E (decimal 270)
   defining Unicode char U+010F (decimal 271)
   defining Unicode char U+0110 (decimal 272)
   defining Unicode char U+0111 (decimal 273)
   defining Unicode char U+0118 (decimal 280)
   defining Unicode char U+0119 (decimal 281)
   defining Unicode char U+011A (decimal 282)
   defining Unicode char U+011B (decimal 283)
   defining Unicode char U+011E (decimal 286)
   defining Unicode char U+011F (decimal 287)
   defining Unicode char U+0130 (decimal 304)
   defining Unicode char U+0131 (decimal 305)
   defining Unicode char U+0132 (decimal 306)
   defining Unicode char U+0133 (decimal 307)
   defining Unicode char U+0139 (decimal 313)
   defining Unicode char U+013A (decimal 314)
   defining Unicode char U+013D (decimal 317)
   defining Unicode char U+013E (decimal 318)
   defining Unicode char U+0141 (decimal 321)
   defining Unicode char U+0142 (decimal 322)
   defining Unicode char U+0143 (decimal 323)
   defining Unicode char U+0144 (decimal 324)
   defining Unicode char U+0147 (decimal 327)
   defining Unicode char U+0148 (decimal 328)
   defining Unicode char U+014A (decimal 330)
   defining Unicode char U+014B (decimal 331)
   defining Unicode char U+0150 (decimal 336)
   defining Unicode char U+0151 (decimal 337)
   defining Unicode char U+0152 (decimal 338)
   defining Unicode char U+0153 (decimal 339)
   defining Unicode char U+0154 (decimal 340)
   defining Unicode char U+0155 (decimal 341)
   defining Unicode char U+0158 (decimal 344)
   defining Unicode char U+0159 (decimal 345)
   defining Unicode char U+015A (decimal 346)
   defining Unicode char U+015B (decimal 347)
   defining Unicode char U+015E (decimal 350)
   defining Unicode char U+015F (decimal 351)
   defining Unicode char U+0160 (decimal 352)
   defining Unicode char U+0161 (decimal 353)
   defining Unicode char U+0162 (decimal 354)
   defining Unicode char U+0163 (decimal 355)
   defining Unicode char U+0164 (decimal 356)
   defining Unicode char U+0165 (decimal 357)
   defining Unicode char U+016E (decimal 366)
   defining Unicode char U+016F (decimal 367)
   defining Unicode char U+0170 (decimal 368)
   defining Unicode char U+0171 (decimal 369)
   defining Unicode char U+0178 (decimal 376)
   defining Unicode char U+0179 (decimal 377)
   defining Unicode char U+017A (decimal 378)
   defining Unicode char U+017B (decimal 379)
   defining Unicode char U+017C (decimal 380)
   defining Unicode char U+017D (decimal 381)
   defining Unicode char U+017E (decimal 382)
   defining Unicode char U+200C (decimal 8204)
   defining Unicode char U+2013 (decimal 8211)
   defining Unicode char U+2014 (decimal 8212)
   defining Unicode char U+2018 (decimal 8216)
   defining Unicode char U+2019 (decimal 8217)
   defining Unicode char U+201A (decimal 8218)
   defining Unicode char U+201C (decimal 8220)
   defining Unicode char U+201D (decimal 8221)
   defining Unicode char U+201E (decimal 8222)
   defining Unicode char U+2030 (decimal 8240)
   defining Unicode char U+2031 (decimal 8241)
   defining Unicode char U+2039 (decimal 8249)
   defining Unicode char U+203A (decimal 8250)
   defining Unicode char U+2423 (decimal 9251)
)
Now handling font encoding OT1 ...
... processing UTF-8 mapping file for font encoding OT1

("C:\Program Files (x86)\MiKTeX 2.9\tex\latex\base\ot1enc.dfu"
File: ot1enc.dfu 2008/04/05 v1.1m UTF-8 support for inputenc
   defining Unicode char U+00A1 (decimal 161)
   defining Unicode char U+00A3 (decimal 163)
   defining Unicode char U+00B8 (decimal 184)
   defining Unicode char U+00BF (decimal 191)
   defining Unicode char U+00C5 (decimal 197)
   defining Unicode char U+00C6 (decimal 198)
   defining Unicode char U+00D8 (decimal 216)
   defining Unicode char U+00DF (decimal 223)
   defining Unicode char U+00E6 (decimal 230)
   defining Unicode char U+00EC (decimal 236)
   defining Unicode char U+00ED (decimal 237)
   defining Unicode char U+00EE (decimal 238)
   defining Unicode char U+00EF (decimal 239)
   defining Unicode char U+00F8 (decimal 248)
   defining Unicode char U+0131 (decimal 305)
   defining Unicode char U+0141 (decimal 321)
   defining Unicode char U+0142 (decimal 322)
   defining Unicode char U+0152 (decimal 338)
   defining Unicode char U+0153 (decimal 339)
   defining Unicode char U+2013 (decimal 8211)
   defining Unicode char U+2014 (decimal 8212)
   defining Unicode char U+2018 (decimal 8216)
   defining Unicode char U+2019 (decimal 8217)
   defining Unicode char U+201C (decimal 8220)
   defining Unicode char U+201D (decimal 8221)
)
Now handling font encoding OMS ...
... processing UTF-8 mapping file for font encoding OMS

("C:\Program Files (x86)\MiKTeX 2.9\tex\latex\base\omsenc.dfu"
File: omsenc.dfu 2008/04/05 v1.1m UTF-8 support for inputenc
   defining Unicode char U+00A7 (decimal 167)
   defining Unicode char U+00B6 (decimal 182)
   defining Unicode char U+00B7 (decimal 183)
   defining Unicode char U+2020 (decimal 8224)
   defining Unicode char U+2021 (decimal 8225)
   defining Unicode char U+2022 (decimal 8226)
)
Now handling font encoding OMX ...
... no UTF-8 mapping file for font encoding OMX
Now handling font encoding U ...
... no UTF-8 mapping file for font encoding U
   defining Unicode char U+00A9 (decimal 169)
   defining Unicode char U+00AA (decimal 170)
   defining Unicode char U+00AE (decimal 174)
   defining Unicode char U+00BA (decimal 186)
   defining Unicode char U+02C6 (decimal 710)
   defining Unicode char U+02DC (decimal 732)
   defining Unicode char U+200C (decimal 8204)
   defining Unicode char U+2026 (decimal 8230)
   defining Unicode char U+2122 (decimal 8482)
   defining Unicode char U+2423 (decimal 9251)
))
("C:\Program Files (x86)\MiKTeX 2.9\tex\latex\graphics\color.sty"
Package: color 2005/11/14 v1.0j Standard LaTeX Color (DPC)

("C:\Program Files (x86)\MiKTeX 2.9\tex\latex\00miktex\color.cfg"
File: color.cfg 2007/01/18 v1.5 color configuration of teTeX/TeXLive
)
Package color Info: Driver file: pdftex.def on input line 130.

("C:\Program Files (x86)\MiKTeX 2.9\tex\latex\pdftex-def\pdftex.def"
File: pdftex.def 2011/05/27 v0.06d Graphics/color for pdfTeX

("C:\Program Files (x86)\MiKTeX 2.9\tex\generic\oberdiek\infwarerr.sty"
Package: infwarerr 2010/04/08 v1.3 Providing info/warning/error messages (HO)
)
("C:\Program Files (x86)\MiKTeX 2.9\tex\generic\oberdiek\ltxcmds.sty"
Package: ltxcmds 2011/11/09 v1.22 LaTeX kernel commands for general use (HO)
)
\Gread@gobject=\count94
))
("C:\Program Files (x86)\MiKTeX 2.9\tex\latex\graphics\graphicx.sty"
Package: graphicx 1999/02/16 v1.0f Enhanced LaTeX Graphics (DPC,SPQR)

("C:\Program Files (x86)\MiKTeX 2.9\tex\latex\graphics\graphics.sty"
Package: graphics 2009/02/05 v1.0o Standard LaTeX Graphics (DPC,SPQR)

("C:\Program Files (x86)\MiKTeX 2.9\tex\latex\graphics\trig.sty"
Package: trig 1999/03/16 v1.09 sin cos tan (DPC)
)
("C:\Program Files (x86)\MiKTeX 2.9\tex\latex\00miktex\graphics.cfg"
File: graphics.cfg 2007/01/18 v1.5 graphics configuration of teTeX/TeXLive
)
Package graphics Info: Driver file: pdftex.def on input line 91.
)
\Gin@req@height=\dimen112
\Gin@req@width=\dimen113
)
("C:\Program Files (x86)\MiKTeX 2.9\tex\latex\graphics\epsfig.sty"
Package: epsfig 1999/02/16 v1.7a (e)psfig emulation (SPQR)
\epsfxsize=\dimen114
\epsfysize=\dimen115
)
("C:\Program Files (x86)\MiKTeX 2.9\tex\latex\subfigure\subfigure.sty"
Package: subfigure 2002/07/30 v2.1.4 subfigure package
\subfigtopskip=\skip43
\subfigcapskip=\skip44
\subfigcaptopadj=\dimen116
\subfigbottomskip=\skip45
\subfigcapmargin=\dimen117
\subfiglabelskip=\skip46
\c@subfigure=\count95
\c@lofdepth=\count96
\c@subtable=\count97
\c@lotdepth=\count98

****************************************
* Local config file subfigure.cfg used *
****************************************
("C:\Program Files (x86)\MiKTeX 2.9\tex\latex\subfigure\subfigure.cfg")
\subfig@top=\skip47
\subfig@bottom=\skip48
)
("C:\Program Files (x86)\MiKTeX 2.9\tex\latex\base\latexsym.sty"
Package: latexsym 1998/08/17 v2.2e Standard LaTeX package (lasy symbols)
\symlasy=\mathgroup4
LaTeX Font Info:    Overwriting symbol font `lasy' in version `bold'
(Font)                  U/lasy/m/n --> U/lasy/b/n on input line 47.
)
("C:\Program Files (x86)\MiKTeX 2.9\tex\latex\amsfonts\amssymb.sty"
Package: amssymb 2013/01/14 v3.01 AMS font symbols

("C:\Program Files (x86)\MiKTeX 2.9\tex\latex\amsfonts\amsfonts.sty"
Package: amsfonts 2013/01/14 v3.01 Basic AMSFonts support
\@emptytoks=\toks19
\symAMSa=\mathgroup5
\symAMSb=\mathgroup6
LaTeX Font Info:    Overwriting math alphabet `\mathfrak' in version `bold'
(Font)                  U/euf/m/n --> U/euf/b/n on input line 106.
))
("C:\Program Files (x86)\MiKTeX 2.9\tex\latex\amsmath\amsmath.sty"
Package: amsmath 2013/01/14 v2.14 AMS math features
\@mathmargin=\skip49

For additional information on amsmath, use the `?' option.
("C:\Program Files (x86)\MiKTeX 2.9\tex\latex\amsmath\amstext.sty"
Package: amstext 2000/06/29 v2.01

("C:\Program Files (x86)\MiKTeX 2.9\tex\latex\amsmath\amsgen.sty"
File: amsgen.sty 1999/11/30 v2.0
\@emptytoks=\toks20
\ex@=\dimen118
))
("C:\Program Files (x86)\MiKTeX 2.9\tex\latex\amsmath\amsbsy.sty"
Package: amsbsy 1999/11/29 v1.2d
\pmbraise@=\dimen119
)
("C:\Program Files (x86)\MiKTeX 2.9\tex\latex\amsmath\amsopn.sty"
Package: amsopn 1999/12/14 v2.01 operator names
)
\inf@bad=\count99
LaTeX Info: Redefining \frac on input line 210.
\uproot@=\count100
\leftroot@=\count101
LaTeX Info: Redefining \overline on input line 306.
\classnum@=\count102
\DOTSCASE@=\count103
LaTeX Info: Redefining \ldots on input line 378.
LaTeX Info: Redefining \dots on input line 381.
LaTeX Info: Redefining \cdots on input line 466.
\Mathstrutbox@=\box26
\strutbox@=\box27
\big@size=\dimen120
LaTeX Font Info:    Redeclaring font encoding OML on input line 566.
LaTeX Font Info:    Redeclaring font encoding OMS on input line 567.
\macc@depth=\count104
\c@MaxMatrixCols=\count105
\dotsspace@=\muskip10
\c@parentequation=\count106
\dspbrk@lvl=\count107
\tag@help=\toks21
\row@=\count108
\column@=\count109
\maxfields@=\count110
\andhelp@=\toks22
\eqnshift@=\dimen121
\alignsep@=\dimen122
\tagshift@=\dimen123
\tagwidth@=\dimen124
\totwidth@=\dimen125
\lineht@=\dimen126
\@envbody=\toks23
\multlinegap=\skip50
\multlinetaggap=\skip51
\mathdisplay@stack=\toks24
LaTeX Info: Redefining \[ on input line 2665.
LaTeX Info: Redefining \] on input line 2666.
)
("C:\Program Files (x86)\MiKTeX 2.9\tex\latex\hyperref\hyperref.sty"
Package: hyperref 2012/11/06 v6.83m Hypertext links for LaTeX

("C:\Program Files (x86)\MiKTeX 2.9\tex\generic\oberdiek\hobsub-hyperref.sty"
Package: hobsub-hyperref 2012/04/25 v1.12 Bundle oberdiek, subset hyperref (HO)


("C:\Program Files (x86)\MiKTeX 2.9\tex\generic\oberdiek\hobsub-generic.sty"
Package: hobsub-generic 2012/04/25 v1.12 Bundle oberdiek, subset generic (HO)
Package: hobsub 2012/04/25 v1.12 Construct package bundles (HO)
Package hobsub Info: Skipping package `infwarerr' (already loaded).
Package hobsub Info: Skipping package `ltxcmds' (already loaded).
Package: ifluatex 2010/03/01 v1.3 Provides the ifluatex switch (HO)
Package ifluatex Info: LuaTeX not detected.
Package hobsub Info: Skipping package `ifvtex' (already loaded).
Package: intcalc 2007/09/27 v1.1 Expandable calculations with integers (HO)
Package hobsub Info: Skipping package `ifpdf' (already loaded).
Package: etexcmds 2011/02/16 v1.5 Avoid name clashes with e-TeX commands (HO)
Package etexcmds Info: Could not find \expanded.
(etexcmds)             That can mean that you are not using pdfTeX 1.50 or
(etexcmds)             that some package has redefined \expanded.
(etexcmds)             In the latter case, load this package earlier.
Package: kvsetkeys 2012/04/25 v1.16 Key value parser (HO)
Package: kvdefinekeys 2011/04/07 v1.3 Define keys (HO)
Package: pdftexcmds 2011/11/29 v0.20 Utility functions of pdfTeX for LuaTeX (HO
)
Package pdftexcmds Info: LuaTeX not detected.
Package pdftexcmds Info: \pdf@primitive is available.
Package pdftexcmds Info: \pdf@ifprimitive is available.
Package pdftexcmds Info: \pdfdraftmode found.
Package: pdfescape 2011/11/25 v1.13 Implements pdfTeX's escape features (HO)
Package: bigintcalc 2012/04/08 v1.3 Expandable calculations on big integers (HO
)
Package: bitset 2011/01/30 v1.1 Handle bit-vector datatype (HO)
Package: uniquecounter 2011/01/30 v1.2 Provide unlimited unique counter (HO)
)
Package hobsub Info: Skipping package `hobsub' (already loaded).
Package: letltxmacro 2010/09/02 v1.4 Let assignment for LaTeX macros (HO)
Package: hopatch 2011/06/24 v1.1 Wrapper for package hooks (HO)
Package: xcolor-patch 2011/01/30 xcolor patch
Package: atveryend 2011/06/30 v1.8 Hooks at the very end of document (HO)
Package atveryend Info: \enddocument detected (standard20110627).
Package: atbegshi 2011/10/05 v1.16 At begin shipout hook (HO)
Package: refcount 2011/10/16 v3.4 Data extraction from label references (HO)
Package: hycolor 2011/01/30 v1.7 Color options for hyperref/bookmark (HO)
)
("C:\Program Files (x86)\MiKTeX 2.9\tex\latex\oberdiek\auxhook.sty"
Package: auxhook 2011/03/04 v1.3 Hooks for auxiliary files (HO)
)
("C:\Program Files (x86)\MiKTeX 2.9\tex\latex\oberdiek\kvoptions.sty"
Package: kvoptions 2011/06/30 v3.11 Key value format for package options (HO)
)
\@linkdim=\dimen127
\Hy@linkcounter=\count111
\Hy@pagecounter=\count112

("C:\Program Files (x86)\MiKTeX 2.9\tex\latex\hyperref\pd1enc.def"
File: pd1enc.def 2012/11/06 v6.83m Hyperref: PDFDocEncoding definition (HO)
Now handling font encoding PD1 ...
... no UTF-8 mapping file for font encoding PD1
)
\Hy@SavedSpaceFactor=\count113

("C:\Program Files (x86)\MiKTeX 2.9\tex\latex\00miktex\hyperref.cfg"
File: hyperref.cfg 2002/06/06 v1.2 hyperref configuration of TeXLive
)

Package hyperref Warning: Unexpected value for option `pdftex'
(hyperref)                is ignored on input line 4319.

Package hyperref Info: Option `colorlinks' set `false' on input line 4319.
Package hyperref Info: Option `plainpages' set `false' on input line 4319.
Package hyperref Info: Hyper figures OFF on input line 4443.
Package hyperref Info: Link nesting OFF on input line 4448.
Package hyperref Info: Hyper index ON on input line 4451.
Package hyperref Info: Plain pages OFF on input line 4458.
Package hyperref Info: Backreferencing ON on input line 4461.
Package hyperref Info: Implicit mode ON; LaTeX internals redefined.
Package hyperref Info: Bookmarks ON on input line 4688.
("C:\Program Files (x86)\MiKTeX 2.9\tex\latex\hyperref\backref.sty"
Package: backref 2012/07/25 v1.38 Bibliographical back referencing

("C:\Program Files (x86)\MiKTeX 2.9\tex\latex\oberdiek\rerunfilecheck.sty"
Package: rerunfilecheck 2011/04/15 v1.7 Rerun checks for auxiliary files (HO)
Package uniquecounter Info: New unique counter `rerunfilecheck' on input line 2
82.
))
\c@Hy@tempcnt=\count114

("C:\Program Files (x86)\MiKTeX 2.9\tex\latex\url\url.sty"
\Urlmuskip=\muskip11
Package: url 2013/09/16  ver 3.4  Verb mode for urls, etc.
)
LaTeX Info: Redefining \url on input line 5041.
\XeTeXLinkMargin=\dimen128
\Fld@menulength=\count115
\Field@Width=\dimen129
\Fld@charsize=\dimen130
Package hyperref Info: Hyper figures OFF on input line 6295.
Package hyperref Info: Link nesting OFF on input line 6300.
Package hyperref Info: Hyper index ON on input line 6303.
Package hyperref Info: backreferencing ON on input line 6308.
Package hyperref Info: Link coloring OFF on input line 6315.
Package hyperref Info: Link coloring with OCG OFF on input line 6320.
Package hyperref Info: PDF/A mode OFF on input line 6325.
LaTeX Info: Redefining \ref on input line 6365.
LaTeX Info: Redefining \pageref on input line 6369.
\Hy@abspage=\count116
\c@Item=\count117
\c@Hfootnote=\count118
)

Package hyperref Message: Driver: hpdftex.

("C:\Program Files (x86)\MiKTeX 2.9\tex\latex\hyperref\hpdftex.def"
File: hpdftex.def 2012/11/06 v6.83m Hyperref driver for pdfTeX
\Fld@listcount=\count119
\c@bookmark@seq@number=\count120
\Hy@SectionHShift=\skip52
)
("C:\Program Files (x86)\MiKTeX 2.9\tex\latex\tools\indentfirst.sty"
Package: indentfirst 1995/11/23 v1.03 Indent first paragraph (DPC)
)
("C:\Program Files (x86)\MiKTeX 2.9\tex\latex\tools\multicol.sty"
Package: multicol 2011/06/27 v1.7a multicolumn formatting (FMi)
\c@tracingmulticols=\count121
\mult@box=\box28
\multicol@leftmargin=\dimen131
\c@unbalance=\count122
\c@collectmore=\count123
\doublecol@number=\count124
\multicoltolerance=\count125
\multicolpretolerance=\count126
\full@width=\dimen132
\page@free=\dimen133
\premulticols=\dimen134
\postmulticols=\dimen135
\multicolsep=\skip53
\multicolbaselineskip=\skip54
\partial@page=\box29
\last@line=\box30
\mult@rightbox=\box31
\mult@grightbox=\box32
\mult@gfirstbox=\box33
\mult@firstbox=\box34
\@tempa=\box35
\@tempa=\box36
\@tempa=\box37
\@tempa=\box38
\@tempa=\box39
\@tempa=\box40
\@tempa=\box41
\@tempa=\box42
\@tempa=\box43
\@tempa=\box44
\@tempa=\box45
\@tempa=\box46
\@tempa=\box47
\@tempa=\box48
\@tempa=\box49
\@tempa=\box50
\@tempa=\box51
\c@columnbadness=\count127
\c@finalcolumnbadness=\count128
\last@try=\dimen136
\multicolovershoot=\dimen137
\multicolundershoot=\dimen138
\mult@nat@firstbox=\box52
\colbreak@box=\box53
\multicol@sort@counter=\count129
)
("C:\Program Files (x86)\MiKTeX 2.9\tex\latex\multirow\multirow.sty"
\bigstrutjot=\dimen139
)
("C:\Program Files (x86)\MiKTeX 2.9\tex\latex\mdframed\mdframed.sty"
Package: mdframed 2013/07/01 1.9b: mdframed

("C:\Program Files (x86)\MiKTeX 2.9\tex\latex\l3packages\xparse\xparse.sty"
("C:\Program Files (x86)\MiKTeX 2.9\tex\latex\l3kernel\expl3.sty"
Package: expl3 2014/09/15 v5423 L3 programming layer (loader) 

("C:\Program Files (x86)\MiKTeX 2.9\tex\latex\l3kernel\expl3-code.tex"
Package: expl3 2014/09/15 v5423 L3 programming layer (code) 
L3 Module: l3bootstrap 2014/08/23 v5354 L3 Bootstrap code

("C:\Program Files (x86)\MiKTeX 2.9\tex\latex\misc\etex.sty"
Package: etex 1998/03/26 v2.0 eTeX basic definition package (PEB)
\et@xins=\count130
)
L3 Module: l3names 2014/08/22 v5343 L3 Namespace for primitives
L3 Module: l3basics 2014/08/24 v5364 L3 Basic definitions
L3 Module: l3expan 2014/08/22 v5349 L3 Argument expansion
L3 Module: l3tl 2014/08/24 v5359 L3 Token lists
L3 Module: l3str 2014/08/24 v5368 L3 Strings
L3 Module: l3seq 2014/08/23 v5354 L3 Sequences and stacks
L3 Module: l3int 2014/09/14 v5421 L3 Integers
\c_max_int=\count131
\l_tmpa_int=\count132
\l_tmpb_int=\count133
\g_tmpa_int=\count134
\g_tmpb_int=\count135
L3 Module: l3quark 2014/08/23 v5354 L3 Quarks
L3 Module: l3prg 2014/08/23 v5354 L3 Control structures
\g__prg_map_int=\count136
L3 Module: l3clist 2014/08/23 v5354 L3 Comma separated lists
L3 Module: l3token 2014/09/15 v5422 L3 Experimental token manipulation
L3 Module: l3prop 2014/08/23 v5354 L3 Property lists
L3 Module: l3msg 2014/08/24 v5358 L3 Messages
L3 Module: l3file 2014/08/24 v5369 L3 File and I/O operations
\l_iow_line_count_int=\count137
\l__iow_target_count_int=\count138
\l__iow_current_line_int=\count139
\l__iow_current_word_int=\count140
\l__iow_current_indentation_int=\count141
L3 Module: l3skip 2014/08/23 v5354 L3 Dimensions and skips
\c_zero_dim=\dimen140
\c_max_dim=\dimen141
\l_tmpa_dim=\dimen142
\l_tmpb_dim=\dimen143
\g_tmpa_dim=\dimen144
\g_tmpb_dim=\dimen145
\c_zero_skip=\skip55
\c_max_skip=\skip56
\l_tmpa_skip=\skip57
\l_tmpb_skip=\skip58
\g_tmpa_skip=\skip59
\g_tmpb_skip=\skip60
\c_zero_muskip=\muskip12
\c_max_muskip=\muskip13
\l_tmpa_muskip=\muskip14
\l_tmpb_muskip=\muskip15
\g_tmpa_muskip=\muskip16
\g_tmpb_muskip=\muskip17
L3 Module: l3keys 2014/08/23 v5354 L3 Key-value interfaces
\g__keyval_level_int=\count142
\l_keys_choice_int=\count143
L3 Module: l3fp 2014/08/22 v5336 L3 Floating points
\c__fp_leading_shift_int=\count144
\c__fp_middle_shift_int=\count145
\c__fp_trailing_shift_int=\count146
\c__fp_big_leading_shift_int=\count147
\c__fp_big_middle_shift_int=\count148
\c__fp_big_trailing_shift_int=\count149
\c__fp_Bigg_leading_shift_int=\count150
\c__fp_Bigg_middle_shift_int=\count151
\c__fp_Bigg_trailing_shift_int=\count152
L3 Module: l3box 2014/08/23 v5354 L3 Experimental boxes
\c_empty_box=\box54
\l_tmpa_box=\box55
\l_tmpb_box=\box56
\g_tmpa_box=\box57
\g_tmpb_box=\box58
L3 Module: l3coffins 2014/08/23 v5354 L3 Coffin code layer
\l__coffin_internal_box=\box59
\l__coffin_internal_dim=\dimen146
\l__coffin_offset_x_dim=\dimen147
\l__coffin_offset_y_dim=\dimen148
\l__coffin_x_dim=\dimen149
\l__coffin_y_dim=\dimen150
\l__coffin_x_prime_dim=\dimen151
\l__coffin_y_prime_dim=\dimen152
\c_empty_coffin=\box60
\l__coffin_aligned_coffin=\box61
\l__coffin_aligned_internal_coffin=\box62
\l_tmpa_coffin=\box63
\l_tmpb_coffin=\box64
\l__coffin_display_coffin=\box65
\l__coffin_display_coord_coffin=\box66
\l__coffin_display_pole_coffin=\box67
\l__coffin_display_offset_dim=\dimen153
\l__coffin_display_x_dim=\dimen154
\l__coffin_display_y_dim=\dimen155
L3 Module: l3color 2014/08/23 v5354 L3 Experimental color support
L3 Module: l3candidates 2014/08/24 v5366 L3 Experimental additions to l3kernel
\l__box_top_dim=\dimen156
\l__box_bottom_dim=\dimen157
\l__box_left_dim=\dimen158
\l__box_right_dim=\dimen159
\l__box_top_new_dim=\dimen160
\l__box_bottom_new_dim=\dimen161
\l__box_left_new_dim=\dimen162
\l__box_right_new_dim=\dimen163
\l__box_internal_box=\box68
\l__coffin_bounding_shift_dim=\dimen164
\l__coffin_left_corner_dim=\dimen165
\l__coffin_right_corner_dim=\dimen166
\l__coffin_bottom_corner_dim=\dimen167
\l__coffin_top_corner_dim=\dimen168
\l__coffin_scaled_total_height_dim=\dimen169
\l__coffin_scaled_width_dim=\dimen170
)
("C:\Program Files (x86)\MiKTeX 2.9\tex\latex\l3kernel\l3unicode-data.def"
File: l3unicode-data.def 2014/08/12 v5276 L3 Unicode data
)
("C:\Program Files (x86)\MiKTeX 2.9\tex\latex\l3kernel\l3pdfmode.def"
File: l3pdfmode.def 2014/08/24 v5366 L3 Experimental driver: PDF mode
\l__driver_color_stack_int=\count153
))
Package: xparse 2014/09/15 v5423 L3 Experimental document command parser
\l__xparse_current_arg_int=\count154
\l__xparse_m_args_int=\count155
\l__xparse_mandatory_args_int=\count156
\l__xparse_processor_int=\count157
\l__xparse_v_nesting_int=\count158
)
("C:\Program Files (x86)\MiKTeX 2.9\tex\latex\etoolbox\etoolbox.sty"
Package: etoolbox 2011/01/03 v2.1 e-TeX tools for LaTeX
\etb@tempcnta=\count159
)
("C:\Program Files (x86)\MiKTeX 2.9\tex\latex\oberdiek\zref-abspage.sty"
Package: zref-abspage 2012/04/04 v2.24 Module abspage for zref (HO)

("C:\Program Files (x86)\MiKTeX 2.9\tex\latex\oberdiek\zref-base.sty"
Package: zref-base 2012/04/04 v2.24 Module base for zref (HO)
Package zref Info: New property list: main on input line 759.
Package zref Info: New property: default on input line 760.
Package zref Info: New property: page on input line 761.
)
\c@abspage=\count160
Package zref Info: New property: abspage on input line 62.
)
("C:\Program Files (x86)\MiKTeX 2.9\tex\latex\needspace\needspace.sty"
Package: needspace 2010/09/12 v1.3d reserve vertical space
)
\mdf@templength=\skip61
\c@mdf@globalstyle@cnt=\count161
\mdf@skipabove@length=\skip62
\mdf@skipbelow@length=\skip63
\mdf@leftmargin@length=\skip64
\mdf@rightmargin@length=\skip65
\mdf@innerleftmargin@length=\skip66
\mdf@innerrightmargin@length=\skip67
\mdf@innertopmargin@length=\skip68
\mdf@innerbottommargin@length=\skip69
\mdf@splittopskip@length=\skip70
\mdf@splitbottomskip@length=\skip71
\mdf@outermargin@length=\skip72
\mdf@innermargin@length=\skip73
\mdf@linewidth@length=\skip74
\mdf@innerlinewidth@length=\skip75
\mdf@middlelinewidth@length=\skip76
\mdf@outerlinewidth@length=\skip77
\mdf@roundcorner@length=\skip78
\mdf@footenotedistance@length=\skip79
\mdf@userdefinedwidth@length=\skip80
\mdf@needspace@length=\skip81
\mdf@frametitleaboveskip@length=\skip82
\mdf@frametitlebelowskip@length=\skip83
\mdf@frametitlerulewidth@length=\skip84
\mdf@frametitleleftmargin@length=\skip85
\mdf@frametitlerightmargin@length=\skip86
\mdf@shadowsize@length=\skip87
\mdf@extratopheight@length=\skip88
\mdf@subtitleabovelinewidth@length=\skip89
\mdf@subtitlebelowlinewidth@length=\skip90
\mdf@subtitleaboveskip@length=\skip91
\mdf@subtitlebelowskip@length=\skip92
\mdf@subtitleinneraboveskip@length=\skip93
\mdf@subtitleinnerbelowskip@length=\skip94
\mdf@subsubtitleabovelinewidth@length=\skip95
\mdf@subsubtitlebelowlinewidth@length=\skip96
\mdf@subsubtitleaboveskip@length=\skip97
\mdf@subsubtitlebelowskip@length=\skip98
\mdf@subsubtitleinneraboveskip@length=\skip99
\mdf@subsubtitleinnerbelowskip@length=\skip100

("C:\Program Files (x86)\MiKTeX 2.9\tex\latex\mdframed\md-frame-0.mdf"
File: md-frame-0.mdf 2013/07/01\ 1.9b: md-frame-0
)
\mdf@frametitlebox=\box69
\mdf@footnotebox=\box70
\mdf@splitbox@one=\box71
\mdf@splitbox@two=\box72
\mdf@splitbox@save=\box73
\mdfsplitboxwidth=\skip101
\mdfsplitboxtotalwidth=\skip102
\mdfsplitboxheight=\skip103
\mdfsplitboxdepth=\skip104
\mdfsplitboxtotalheight=\skip105
\mdfframetitleboxwidth=\skip106
\mdfframetitleboxtotalwidth=\skip107
\mdfframetitleboxheight=\skip108
\mdfframetitleboxdepth=\skip109
\mdfframetitleboxtotalheight=\skip110
\mdffootnoteboxwidth=\skip111
\mdffootnoteboxtotalwidth=\skip112
\mdffootnoteboxheight=\skip113
\mdffootnoteboxdepth=\skip114
\mdffootnoteboxtotalheight=\skip115
\mdftotallinewidth=\skip116
\mdfboundingboxwidth=\skip117
\mdfboundingboxtotalwidth=\skip118
\mdfboundingboxheight=\skip119
\mdfboundingboxdepth=\skip120
\mdfboundingboxtotalheight=\skip121
\mdf@freevspace@length=\skip122
\mdf@horizontalwidthofbox@length=\skip123
\mdf@verticalmarginwhole@length=\skip124
\mdf@horizontalspaceofbox=\skip125
\mdfsubtitleheight=\skip126
\mdfsubsubtitleheight=\skip127
\c@mdfcountframes=\count162

****** mdframed patching \endmdf@trivlist

****** -- success******

.................................................
. LaTeX info: "xparse/define-command"
. 
. Defining command \newmdtheoremenv with sig. 'O{} m o m o ' on line 601.
.................................................
.................................................
. LaTeX info: "xparse/define-command"
. 
. Defining command \mdtheorem with sig. ' O{} m o m o ' on line 701.
.................................................
\mdf@envdepth=\count163
\c@mdf@env@i=\count164
\c@mdf@env@ii=\count165
\c@mdf@zref@counter=\count166
Package zref Info: New property: mdf@pagevalue on input line 895.
)
(C:\Users\Gonzalo\Desktop\MemoriaEjemplo\algpseudocode.sty
Package: algpseudocode 

("C:\Program Files (x86)\MiKTeX 2.9\tex\latex\base\ifthen.sty"
Package: ifthen 2001/05/26 v1.1c Standard LaTeX ifthen package (DPC)
)
(C:\Users\Gonzalo\Desktop\MemoriaEjemplo\algorithmicx.sty
Package: algorithmicx 2005/04/27 v1.2 Algorithmicx

Document Style algorithmicx 1.2 - a greatly improved `algorithmic' style
\c@ALG@line=\count167
\c@ALG@rem=\count168
\c@ALG@nested=\count169
\ALG@tlm=\skip128
\ALG@thistlm=\skip129
\c@ALG@Lnr=\count170
\c@ALG@blocknr=\count171
\c@ALG@storecount=\count172
\c@ALG@tmpcounter=\count173
\ALG@tmplength=\skip130
)
Document Style - pseudocode environments for use with the `algorithmicx' style
) ("C:\Program Files (x86)\MiKTeX 2.9\tex\latex\algorithms\algorithm.sty"
Package: algorithm 2009/08/24 v0.1 Document Style `algorithm' - floating enviro
nment

("C:\Program Files (x86)\MiKTeX 2.9\tex\latex\float\float.sty"
Package: float 2001/11/08 v1.3d Float enhancements (AL)
\c@float@type=\count174
\float@exts=\toks25
\float@box=\box74
\@float@everytoks=\toks26
\@floatcapt=\box75
)
\@float@every@algorithm=\toks27
\c@algorithm=\count175
)
("C:\Program Files (x86)\MiKTeX 2.9\tex\latex\acronym\acronym.sty"
Package: acronym 2014/09/29 v1.40 Support for acronyms (Tobias Oetiker)

("C:\Program Files (x86)\MiKTeX 2.9\tex\latex\bigfoot\suffix.sty"
Package: suffix 2006/07/15 1.5a Variant command support
)
("C:\Program Files (x86)\MiKTeX 2.9\tex\latex\xstring\xstring.sty"
("C:\Program Files (x86)\MiKTeX 2.9\tex\generic\xstring\xstring.tex"
\@xs@message=\write3
\integerpart=\count176
\decimalpart=\count177
)
Package: xstring 2013/10/13  v1.7c  String manipulations (C Tellechea)
)
\AC@clearlist=\toks28
)
("C:\Program Files (x86)\MiKTeX 2.9\tex\latex\cclicenses\cclicenses.sty"
Package: cclicenses 2005/05/20 v0.4 CC licenses typesetting

("C:\Program Files (x86)\MiKTeX 2.9\tex\latex\rotating\rotating.sty"
Package: rotating 2009/03/28 v2.16a rotated objects in LaTeX
\c@r@tfl@t=\count178
\rotFPtop=\skip131
\rotFPbot=\skip132
\rot@float@box=\box76
\rot@mess@toks=\toks29
)
\chardim=\dimen171
\hdim=\dimen172
\htmp=\dimen173
\hpos=\count179
\vpos=\count180
)
("C:\Program Files (x86)\MiKTeX 2.9\tex\latex\appendix\appendix.sty"
Package: appendix 2009/09/02 v1.2b extra appendix facilities
\c@@pps=\count181
\c@@ppsavesec=\count182
\c@@ppsaveapp=\count183
)
("C:\Program Files (x86)\MiKTeX 2.9\tex\latex\listings\listings.sty"
\lst@mode=\count184
\lst@gtempboxa=\box77
\lst@token=\toks30
\lst@length=\count185
\lst@currlwidth=\dimen174
\lst@column=\count186
\lst@pos=\count187
\lst@lostspace=\dimen175
\lst@width=\dimen176
\lst@newlines=\count188
\lst@lineno=\count189
\lst@maxwidth=\dimen177

("C:\Program Files (x86)\MiKTeX 2.9\tex\latex\listings\lstmisc.sty"
File: lstmisc.sty 2014/09/06 1.5e (Carsten Heinz)
\c@lstnumber=\count190
\lst@skipnumbers=\count191
\lst@framebox=\box78
)
("C:\Program Files (x86)\MiKTeX 2.9\tex\latex\listings\listings.cfg"
File: listings.cfg 2014/09/06 1.5e listings configuration
))
Package: listings 2014/09/06 1.5e (Carsten Heinz)

("C:\Program Files (x86)\MiKTeX 2.9\tex\latex\listings\lstlang1.sty"
File: lstlang1.sty 2014/09/06 1.5e listings language file
)
("C:\Program Files (x86)\MiKTeX 2.9\tex\latex\listings\lstmisc.sty"
File: lstmisc.sty 2014/09/06 1.5e (Carsten Heinz)
)
(C:\Users\Gonzalo\Desktop\MemoriaEjemplo\proyecto-docente.sty
Package: proyecto-docente 

("C:\Program Files (x86)\MiKTeX 2.9\tex\latex\fancyhdr\fancyhdr.sty"
\fancy@headwidth=\skip133
\f@ncyO@elh=\skip134
\f@ncyO@erh=\skip135
\f@ncyO@olh=\skip136
\f@ncyO@orh=\skip137
\f@ncyO@elf=\skip138
\f@ncyO@erf=\skip139
\f@ncyO@olf=\skip140
\f@ncyO@orf=\skip141
))
Package color Info: Redefining color marron on input line 340.
Package color Info: Redefining color verde-claro on input line 341.
Package color Info: Redefining color oscuro on input line 342.
Package color Info: Redefining color gris on input line 343.
Package color Info: Redefining color violet on input line 367.
Package color Info: Redefining color navy on input line 368.
Package color Info: Redefining color hellgelb on input line 369.
Package color Info: Redefining color colKeys on input line 370.
Package color Info: Redefining color colIdentifier on input line 371.
Package color Info: Redefining color colComments on input line 372.
Package color Info: Redefining color colString on input line 373.

(C:\Users\Gonzalo\Desktop\MemoriaEjemplo\memoria-pfc.aux
(C:\Users\Gonzalo\Desktop\MemoriaEjemplo\previo/portada.aux)
(C:\Users\Gonzalo\Desktop\MemoriaEjemplo\previo/preliminares.aux)
(C:\Users\Gonzalo\Desktop\MemoriaEjemplo\previo/citas.aux)
(C:\Users\Gonzalo\Desktop\MemoriaEjemplo\previo/dedica.aux)
(C:\Users\Gonzalo\Desktop\MemoriaEjemplo\previo/agrade.aux)
(C:\Users\Gonzalo\Desktop\MemoriaEjemplo\capitulos/Prologo.aux)
(C:\Users\Gonzalo\Desktop\MemoriaEjemplo\capitulos/Cap1_motivation.aux)
(C:\Users\Gonzalo\Desktop\MemoriaEjemplo\capitulos/Cap2_objetives.aux)
(C:\Users\Gonzalo\Desktop\MemoriaEjemplo\capitulos/Cap3_PModel.aux)
(C:\Users\Gonzalo\Desktop\MemoriaEjemplo\capitulos/Cap4_YaCF.aux)
(C:\Users\Gonzalo\Desktop\MemoriaEjemplo\capitulos/Cap_todo.aux))
LaTeX Font Info:    Checking defaults for OML/cmm/m/it on input line 415.
LaTeX Font Info:    ... okay on input line 415.
LaTeX Font Info:    Checking defaults for T1/cmr/m/n on input line 415.
LaTeX Font Info:    ... okay on input line 415.
LaTeX Font Info:    Checking defaults for OT1/cmr/m/n on input line 415.
LaTeX Font Info:    ... okay on input line 415.
LaTeX Font Info:    Checking defaults for OMS/cmsy/m/n on input line 415.
LaTeX Font Info:    ... okay on input line 415.
LaTeX Font Info:    Checking defaults for OMX/cmex/m/n on input line 415.
LaTeX Font Info:    ... okay on input line 415.
LaTeX Font Info:    Checking defaults for U/cmr/m/n on input line 415.
LaTeX Font Info:    ... okay on input line 415.
LaTeX Font Info:    Checking defaults for PD1/pdf/m/n on input line 415.
LaTeX Font Info:    ... okay on input line 415.

*geometry* driver: auto-detecting
*geometry* detected driver: pdftex
*geometry* verbose mode - [ preamble ] result:
* driver: pdftex
* paper: a4paper
* layout: <same size as paper>
* layoutoffset:(h,v)=(0.0pt,0.0pt)
* modes: twoside 
* h-part:(L,W,R)=(71.70166pt, 418.25368pt, 107.55254pt)
* v-part:(T,H,B)=(101.40665pt, 591.5302pt, 152.11pt)
* \paperwidth=597.50787pt
* \paperheight=845.04684pt
* \textwidth=418.25368pt
* \textheight=591.5302pt
* \oddsidemargin=-0.56833pt
* \evensidemargin=35.28255pt
* \topmargin=-2.73714pt
* \headheight=12.0pt
* \headsep=19.8738pt
* \topskip=12.0pt
* \footskip=30.0pt
* \marginparwidth=88.0pt
* \marginparsep=7.0pt
* \columnsep=10.0pt
* \skip\footins=10.8pt plus 4.0pt minus 2.0pt
* \hoffset=0.0pt
* \voffset=0.0pt
* \mag=1000
* \@twocolumnfalse
* \@twosidetrue
* \@mparswitchtrue
* \@reversemarginfalse
* (1in=72.27pt=25.4mm, 1cm=28.453pt)

("C:\Program Files (x86)\MiKTeX 2.9\tex\context\base\supp-pdf.mkii"
[Loading MPS to PDF converter (version 2006.09.02).]
\scratchcounter=\count192
\scratchdimen=\dimen178
\scratchbox=\box79
\nofMPsegments=\count193
\nofMParguments=\count194
\everyMPshowfont=\toks31
\MPscratchCnt=\count195
\MPscratchDim=\dimen179
\MPnumerator=\count196
\makeMPintoPDFobject=\count197
\everyMPtoPDFconversion=\toks32
)
\AtBeginShipoutBox=\box80
Package hyperref Info: Link coloring OFF on input line 415.
 ("C:\Program Files (x86)\MiKTeX 2.9\tex\latex\hyperref\nameref.sty"
Package: nameref 2012/10/27 v2.43 Cross-referencing by name of section

("C:\Program Files (x86)\MiKTeX 2.9\tex\generic\oberdiek\gettitlestring.sty"
Package: gettitlestring 2010/12/03 v1.4 Cleanup title references (HO)
)
\c@section@level=\count198
)
LaTeX Info: Redefining \ref on input line 415.
LaTeX Info: Redefining \pageref on input line 415.
LaTeX Info: Redefining \nameref on input line 415.

(C:\Users\Gonzalo\Desktop\MemoriaEjemplo\memoria-pfc.out)
(C:\Users\Gonzalo\Desktop\MemoriaEjemplo\memoria-pfc.out)
\@outlinefile=\write4
\c@lstlisting=\count199

(C:\Users\Gonzalo\Desktop\MemoriaEjemplo\previo/portada.tex
<images/pdf/ulllogo.png, id=78, 839.5365pt x 376.5267pt>
File: images/pdf/ulllogo.png Graphic file (type png)

<use images/pdf/ulllogo.png>
Package pdftex.def Info: images/pdf/ulllogo.png used on input line 10.
(pdftex.def)             Requested size: 126.873pt x 56.9055pt.
LaTeX Font Info:    Font shape `OT1/cmtt/bx/n' in size <24.88> not available
(Font)              Font shape `OT1/cmtt/m/n' tried instead on input line 17.
LaTeX Font Info:    Try loading font information for U+lasy on input line 41.

("C:\Program Files (x86)\MiKTeX 2.9\tex\latex\base\ulasy.fd"
File: ulasy.fd 1998/08/17 v2.2e LaTeX symbol font definitions
)
LaTeX Font Info:    Try loading font information for U+msa on input line 41.

("C:\Program Files (x86)\MiKTeX 2.9\tex\latex\amsfonts\umsa.fd"
File: umsa.fd 2013/01/14 v3.01 AMS symbols A
)
LaTeX Font Info:    Try loading font information for U+msb on input line 41.

("C:\Program Files (x86)\MiKTeX 2.9\tex\latex\amsfonts\umsb.fd"
File: umsb.fd 2013/01/14 v3.01 AMS symbols B
) [1






{C:/Users/Gonzalo/AppData/Local/MiKTeX/2.9/pdftex/config/pdftex.map} <C:/Users/
Gonzalo/Desktop/MemoriaEjemplo/images/pdf/ulllogo.png>]
<images/pdf/cc.png, id=90, 88.33pt x 31.11626pt>
File: images/pdf/cc.png Graphic file (type png)
 <use images/pdf/cc.png>
Package pdftex.def Info: images/pdf/cc.png used on input line 53.
(pdftex.def)             Requested size: 72.26999pt x 25.45897pt.

[2 <C:/Users/Gonzalo/Desktop/MemoriaEjemplo/images/pdf/cc.png>])
(C:\Users\Gonzalo\Desktop\MemoriaEjemplo\previo/preliminares.tex) [3



]
(C:\Users\Gonzalo\Desktop\MemoriaEjemplo\previo/citas.tex [4



]) [5]
(C:\Users\Gonzalo\Desktop\MemoriaEjemplo\previo/dedica.tex [6



]) [7]
(C:\Users\Gonzalo\Desktop\MemoriaEjemplo\previo/agrade.tex [8



]
Package acronym Info: Label `acro:PFC' newly defined as it shall be overridden
although it is yet undefined on input line 8.
Package acronym Info: Label `acro:accULL' newly defined as it shall be overridd
en
although it is yet undefined on input line 9.
) [9] [10


]
(C:\Users\Gonzalo\Desktop\MemoriaEjemplo\memoria-pfc.toc

LaTeX Font Warning: Font shape `OT1/cmr/bx/sc' undefined
(Font)              using `OT1/cmr/bx/n' instead on input line 2.


Package spanish Warning: Replacing `OT1/cmr/bx/sc' by 
(spanish)                faked small caps on input line 2.


Underfull \vbox (badness 1565) has occurred while \output is active []

 [11])
\tf@toc=\write5


Package spanish Warning: Replacing `OT1/cmr/bx/sc' by 
(spanish)                faked small caps on input line 439.


Package Fancyhdr Warning: \headheight is too small (12.0pt): 
 Make it at least 15.58337pt.
 We now make it that large for the rest of the document.
 This may cause the page layout to be inconsistent, however.

[12] (C:\Users\Gonzalo\Desktop\MemoriaEjemplo\capitulos/Prologo.tex
Package acronym Info: Label `acro:ETSII' newly defined as it shall be overridde
n
although it is yet undefined on input line 15.
Package acronym Info: Label `acro:ULL' newly defined as it shall be overridden
although it is yet undefined on input line 15.
Package acronym Info: Label `acro:OpenACC' newly defined as it shall be overrid
den
although it is yet undefined on input line 19.
Package acronym Info: Label `acro:StS' newly defined as it shall be overridden
although it is yet undefined on input line 21.
Package acronym Info: Label `acro:GPU' newly defined as it shall be overridden
although it is yet undefined on input line 30.

Underfull \vbox (badness 10000) has occurred while \output is active []

 [13


]
Package acronym Info: Label `acro:SIMD' newly defined as it shall be overridden

although it is yet undefined on input line 69.

Underfull \vbox (badness 10000) has occurred while \output is active []



Package spanish Warning: Replacing `OT1/cmr/bx/sc' by 
(spanish)                faked small caps on input line 96.

[14]
Package acronym Info: Label `acro:PoCC' newly defined as it shall be overridden

although it is yet undefined on input line 98.


LaTeX Warning: Reference `chap:optGPGPU' on page \es@scroman {xv} undefined on 
input line 107.


LaTeX Warning: Reference `chap:resultados' on page \es@scroman {xv} undefined o
n input line 112.

Package acronym Info: Label `acro:epcc' newly defined as it shall be overridden

although it is yet undefined on input line 118.

LaTeX Warning: Reference `chap:conclusiones' on page \es@scroman {xv} undefined
 on input line 121.

Package acronym Info: Label `acro:gcap' newly defined as it shall be overridden

although it is yet undefined on input line 129.
)

Package spanish Warning: Replacing `OT1/cmr/bx/sc' by 
(spanish)                faked small caps on input line 439.

[15] [16


]
(C:\Users\Gonzalo\Desktop\MemoriaEjemplo\capitulos/Cap1_motivation.tex
Cap\'{\i }tulo 1.
) [1



] (C:\Users\Gonzalo\Desktop\MemoriaEjemplo\capitulos/Cap2_objetives.tex
[2



]
Cap\'{\i }tulo 2.
Package acronym Info: Label `acro:HPC' newly defined as it shall be overridden
although it is yet undefined on input line 18.

Underfull \hbox (badness 2213) in paragraph at lines 23--25
[]\OT1/cmr/m/n/12 Adquirir co-no-ci-mien-tos basi-cos so-bre con-cep-tos, mo-d
e-los, tecni-cas y
 []


Underfull \hbox (badness 1072) in paragraph at lines 25--28
[]\OT1/cmr/m/n/12 Involucrarse en un pro-yec-to real de in-ves-ti-ga-cion, [][
] que ya se
 []


Underfull \hbox (badness 3375) in paragraph at lines 30--32
[]\OT1/cmr/m/n/12 Introducirse en el area de la Compu-tacion He-te-rogenea u
ti-li-zan-do
 []

[3]) [4] (C:\Users\Gonzalo\Desktop\MemoriaEjemplo\capitulos/Cap3_PModel.tex
Cap\'{\i }tulo 3.
<images/pdf/poly.png, id=248, 501.875pt x 282.05376pt>
File: images/pdf/poly.png Graphic file (type png)

<use images/pdf/poly.png>
Package pdftex.def Info: images/pdf/poly.png used on input line 28.
(pdftex.def)             Requested size: 418.25368pt x 235.06859pt.


LaTeX Warning: `h' float specifier changed to `ht'.


LaTeX Warning: Reference `ec:matrix_1' on page 5 undefined on input line 34.


LaTeX Warning: Reference `code:polycode1' on page 5 undefined on input line 35.


) [5




] [6pdfTeX warning (ext4): destination with the same identifier (name{figure.3.
1}) has been already used, duplicate ignored

\AtBegShi@Output ...ipout \box \AtBeginShipoutBox 
                                                  \fi \fi 
l.444 \include{capitulos/Cap3_PModel}
                                      <C:/Users/Gonzalo/Desktop/MemoriaEjemplo/
images/pdf/poly.png>]
(C:\Users\Gonzalo\Desktop\MemoriaEjemplo\capitulos/Cap4_YaCF.tex
Cap\'{\i }tulo 4.
Package acronym Info: Label `acro:yacf' newly defined as it shall be overridden

although it is yet undefined on input line 31.
Package hyperref Info: bookmark level for unknown lstlisting defaults to 0 on i
nput line 57.
(C:\Users\Gonzalo\Desktop\MemoriaEjemplo\listings/analysis1.c)
Package acronym Info: Label `acro:IR' newly defined as it shall be overridden
although it is yet undefined on input line 59.
Package acronym Info: Label `acro:writer' newly defined as it shall be overridd
en
although it is yet undefined on input line 60.


Package hyperref Warning: Difference (2) between bookmark levels is greater 
(hyperref)                than one, level fixed on input line 64.

[7




pdfTeX warning (ext4): destination with the same identifier (name{table.4.1}) h
as been already used, duplicate ignored

\AtBegShi@Output ...ipout \box \AtBeginShipoutBox 
                                                  \fi \fi 
l.79 
     ]

LaTeX Warning: Reference `subsec:IR' on page 8 undefined on input line 84.

Package acronym Info: Label `acro:AST' newly defined as it shall be overridden
although it is yet undefined on input line 86.

LaTeX Warning: Reference `LoopTilingRectangular' on page 8 undefined on input l
ine 87.


Underfull \hbox (badness 10000) in paragraph at lines 80--88
[]\OT1/cmr/m/n/12 Las op-ti-mi-za-cio-nes dis-po-ni-ble en \OT1/cmtt/m/n/12 YaC
F \OT1/cmr/m/n/12 han si-do im-ple-men-ta-das
 []


Underfull \hbox (badness 10000) in paragraph at lines 80--88
\OT1/cmr/m/sc/12 Midd-leEnd.Loop.Mutator\OT1/cmr/m/n/12 . Es-te di-rec-to-rio c
on-tie-ne los mu-ta-do-res
 []


Package hyperref Warning: Difference (2) between bookmark levels is greater 
(hyperref)                than one, level fixed on input line 101.


Underfull \vbox (badness 10000) has occurred while \output is active []

 [8]
(C:\Users\Gonzalo\Desktop\MemoriaEjemplo\listings/interchange1.c)
(C:\Users\Gonzalo\Desktop\MemoriaEjemplo\listings/interchange2.c)) [9]
(C:\Users\Gonzalo\Desktop\MemoriaEjemplo\capitulos/Cap_todo.tex [10



]
Cap\'{\i }tulo 5.

Overfull \hbox (30.44753pt too wide) in paragraph at lines 26--27
\OT1/cmr/m/n/12 Pa-pers. https://www.cs.virginia.edu/ ska-dro-n/-wi-ki/-ro-di-n
ia/in-dex.php/Main[]Page 
 []


LaTeX Warning: Reference `chap:optGPGPU' on page 11 undefined on input line 37.


[11]
Underfull \hbox (badness 3108) in paragraph at lines 43--44
[]\OT1/cmr/m/n/12 En el cap. de Re-sul-ta-dos: In-trod. a Ro-di-nia, que es, r
e-fe-ren-cias,
 []


LaTeX Warning: Reference `chap:optGPGPU' on page 12 undefined on input line 46.


) [12] (C:\Users\Gonzalo\Desktop\MemoriaEjemplo\memoria-pfc.bbl
(C:\Users\Gonzalo\Desktop\MemoriaEjemplo\memoria-pfc.brf)
\tf@brf=\write6
LaTeX Font Info:    Font shape `OT1/cmtt/bx/n' in size <12> not available
(Font)              Font shape `OT1/cmtt/m/n' tried instead on input line 18.

Underfull \hbox (badness 1997) in paragraph at lines 24--24
[]\OT1/cmr/m/n/12 R Re-yes and F de San-de and I Lopez: \OT1/cmtt/m/n/12 Frang
ollo\OT1/cmr/bx/sc/12 : A Run-time
 []


Underfull \hbox (badness 1210) in paragraph at lines 33--33
[]\OT1/cmr/m/n/12 Std KG: \OT1/cmr/bx/sc/12 The OpenCL Spe-ci-fi-ca-tion, Ver-s
ion 1.0, On-li-ne \OT1/cmr/m/n/12 2008.
 []


Underfull \hbox (badness 5388) in paragraph at lines 58--58
[]\OT1/cmr/m/n/12 Lee S, Vet-ter JS: \OT1/cmr/bx/sc/12 Early eva-lua-tion of di
rective-based GPU
 []


Underfull \hbox (badness 3724) in paragraph at lines 58--58
\OT1/cmr/bx/sc/12 pro-gram-ming mo-dels for pro-duc-ti-ve exas-ca-le com-pu-tin
g\OT1/cmr/m/n/12 . In
 []

[13



]
Underfull \hbox (badness 10000) in paragraph at lines 64--64
[]\OT1/cmr/m/n/12 Nick John-son: \OT1/cmr/bx/sc/12 EPCC Ope-nACC bench-mark sui
-te
 []


Underfull \hbox (badness 10000) in paragraph at lines 64--64
\OT1/cmr/bx/sc/12 | EPCC at Uni-ver-sity of Edim-burgh \OT1/cmr/m/n/12 2013. [[
]
 []


Underfull \hbox (badness 10000) in paragraph at lines 64--64
\OT1/cmtt/m/n/10.95 http://www.epcc.ed.ac.uk/research/.../epcc-openacc-benchmar
k-suite[]\OT1/cmr/m/n/12 ].
 []


Underfull \hbox (badness 2478) in paragraph at lines 80--80
[]\OT1/cmr/m/n/12 Wolfe M: \OT1/cmr/bx/sc/12 Ite-ra-tion Spa-ce Ti-ling for Me-
mory Hie-rar-chies\OT1/cmr/m/n/12 . In
 []


Underfull \hbox (badness 1292) in paragraph at lines 80--80
\OT1/cmr/m/it/12 Pro-cee-dings of the Third SIAM Con-fe-ren-ce on Pa-ra-llel Pr
o-ces-sing for
 []


Underfull \hbox (badness 2582) in paragraph at lines 85--85
[]\OT1/cmr/m/n/12 Andonov R, Ra-jo-padh-ye S: \OT1/cmr/bx/sc/12 Op-ti-mal Ort-h
o-go-nal Ti-ling of 2-D
 []


Underfull \hbox (badness 10000) in paragraph at lines 102--102
[]\OT1/cmr/m/n/12 Barcelona Su-per-com-pu-ting cen-ter: \OT1/cmr/bx/sc/12 Mer-c
u-rium \OT1/cmr/m/n/12 2013. [[]
 []

) [14] (C:\Users\Gonzalo\Desktop\MemoriaEjemplo\memoria-pfc.lof)
\tf@lof=\write7
 [15

] [16

]
(C:\Users\Gonzalo\Desktop\MemoriaEjemplo\memoria-pfc.lot)
\tf@lot=\write8
 [17] [18

]
(C:\Users\Gonzalo\Desktop\MemoriaEjemplo\memoria-pfc.lol)
\tf@lol=\write9
Package atveryend Info: Empty hook `BeforeClearDocument' on input line 500.
 [19]
Package atveryend Info: Empty hook `AfterLastShipout' on input line 500.

(C:\Users\Gonzalo\Desktop\MemoriaEjemplo\memoria-pfc.aux
(C:\Users\Gonzalo\Desktop\MemoriaEjemplo\previo/portada.aux)
(C:\Users\Gonzalo\Desktop\MemoriaEjemplo\previo/preliminares.aux)
(C:\Users\Gonzalo\Desktop\MemoriaEjemplo\previo/citas.aux)
(C:\Users\Gonzalo\Desktop\MemoriaEjemplo\previo/dedica.aux)
(C:\Users\Gonzalo\Desktop\MemoriaEjemplo\previo/agrade.aux)
(C:\Users\Gonzalo\Desktop\MemoriaEjemplo\capitulos/Prologo.aux)
(C:\Users\Gonzalo\Desktop\MemoriaEjemplo\capitulos/Cap1_motivation.aux)
(C:\Users\Gonzalo\Desktop\MemoriaEjemplo\capitulos/Cap2_objetives.aux)
(C:\Users\Gonzalo\Desktop\MemoriaEjemplo\capitulos/Cap3_PModel.aux)
(C:\Users\Gonzalo\Desktop\MemoriaEjemplo\capitulos/Cap4_YaCF.aux)
(C:\Users\Gonzalo\Desktop\MemoriaEjemplo\capitulos/Cap_todo.aux))
Package atveryend Info: Executing hook `AtVeryEndDocument' on input line 500.
Package atveryend Info: Executing hook `AtEndAfterFileList' on input line 500.
Package rerunfilecheck Info: File `memoria-pfc.out' has not changed.
(rerunfilecheck)             Checksum: 2B57BF43D0094A4ED5432A2F0A7511C2;1280.
Package rerunfilecheck Info: File `memoria-pfc.brf' has not changed.
(rerunfilecheck)             Checksum: C2AA88186D003EC5F291CF9A24B5B788;1151.


LaTeX Font Warning: Some font shapes were not available, defaults substituted.


LaTeX Warning: There were undefined references.

Package atveryend Info: Empty hook `AtVeryVeryEnd' on input line 500.
 ) 
Here is how much of TeX's memory you used:
 18045 strings out of 493921
 314193 string characters out of 3144869
 416947 words of memory out of 3000000
 20871 multiletter control sequences out of 15000+200000
 12826 words of font info for 51 fonts, out of 3000000 for 9000
 841 hyphenation exceptions out of 8191
 40i,14n,45p,10426b,1265s stack positions out of 5000i,500n,10000p,200000b,50000s
pdfTeX warning (dest): name{page.\\protect\040\\unhbox\040\\voidb@x\040\\hbox
\040{\\protect\040\\relax\040\\protect\040\\edef\040n{sc}\\protect\040\\xdef\04
0\\OT1/cmtt/m/n/12\040{\\OT1/cmr/m/n/12\040}\\OT1/cmtt/m/n/12\040\\size@update\
040\\enc@update\040\\protect\040\\xdef\040\\OT1/cmtt/m/n/12\040{\\OT1/cmr/m/n/1
2\040}\\OT1/cmtt/m/n/12\040\\size@update\040\\enc@update\040\\gdef\04012{12}\\g
def\0408{8}\\gdef\0406{6}\\protect\040\\afterassignment\040\\edef\04012{12}\\af
terassignment\040\\edef\04014.5pt{2.25pt\040plus\040-2.5pt\040minus\040-1.0pt}\
\edef\040{}\\let\040\\def\040\\size@update\040{\\baselineskip\04014.5pt\\relax\
040\\baselineskip\040\\baselineskip\040\\normalbaselineskip\040\\baselineskip\0
40\\setbox\040\\strutbox\040\\hbox\040{\\vrule\040height.7\\baselineskip\040dep
th.3\\baselineskip\040width\\z@\040}\\let\040\\size@update\040\\relax\040}\\pro
tect\040\\xdef\040\\OT1/cmtt/m/n/12\040{\\OT1/cmr/m/n/12\040}\\OT1/cmtt/m/n/12\
040\\size@update\040\\enc@update\040\\protect\040\\begingroup\040\\def\040\\Mes
sageBreak\040{\012\(spanish\)\040\040\040\040\040\040\040\040\040\040\040\040\0
40\040\040\040}\\let\040\\protect\040\\immediate\\write\040\\@unused\040{\012Pa
ckage\040spanish\040Warning:\040Replacing\040`OT1/cmr/m/n'\040by\040\\MessageBr
eak\040faked\040small\040caps\040on\040input\040line\04068.\012}\\endgroup\040\
\uppercase\040{xv}}} has been referenced but does not exist, replaced by a fixe
d one

pdfTeX warning (dest): name{page.\\protect\040\\unhbox\040\\voidb@x\040\\hbox\0
40{\\protect\040\\relax\040\\protect\040\\edef\040n{sc}\\protect\040\\xdef\040\
\OT1/cmtt/m/n/10.95\040{\\OT1/cmr/m/n/12\040}\\OT1/cmtt/m/n/10.95\040\\size@upd
ate\040\\enc@update\040\\protect\040\\xdef\040\\OT1/cmtt/m/n/10.95\040{\\OT1/cm
r/m/n/12\040}\\OT1/cmtt/m/n/10.95\040\\size@update\040\\enc@update\040\\gdef\04
012{12}\\gdef\0408{8}\\gdef\0406{6}\\protect\040\\afterassignment\040\\edef\040
12{12}\\afterassignment\040\\edef\04014.5pt{2.25pt\040plus\040-2.5pt\040minus\0
40-1.0pt}\\edef\040{}\\let\040\\def\040\\size@update\040{\\baselineskip\04014.5
pt\\relax\040\\baselineskip\040\\baselineskip\040\\normalbaselineskip\040\\base
lineskip\040\\setbox\040\\strutbox\040\\hbox\040{\\vrule\040height.7\\baselines
kip\040depth.3\\baselineskip\040width\\z@\040}\\let\040\\size@update\040\\relax
\040}\\protect\040\\xdef\040\\OT1/cmtt/m/n/10.95\040{\\OT1/cmr/m/n/12\040}\\OT1
/cmtt/m/n/10.95\040\\size@update\040\\enc@update\040\\protect\040\\begingroup\0
40\\def\040\\MessageBreak\040{\012\(spanish\)\040\040\040\040\040\040\040\040\0
40\040\040\040\040\040\040\040}\\let\040\\protect\040\\immediate\\write\040\\@u
nused\040{\012Package\040spanish\040Warning:\040Replacing\040`OT1/cmr/m/n'\040b
y\040\\MessageBreak\040faked\040small\040caps\040on\040input\040line\04064.\012
}\\endgroup\040\\uppercase\040{xv}}} has been referenced but does not exist, re
placed by a fixed one

pdfTeX warning (dest): name{page.\\protect\040\\unhbox\040\\voidb@x\040\\hbox\0
40{\\protect\040\\relax\040\\protect\040\\edef\040n{sc}\\protect\040\\xdef\040\
\OT1/cmtt/m/n/12\040{\\OT1/cmr/m/n/12\040}\\OT1/cmtt/m/n/12\040\\size@update\04
0\\enc@update\040\\protect\040\\xdef\040\\OT1/cmtt/m/n/12\040{\\OT1/cmr/m/n/12\
040}\\OT1/cmtt/m/n/12\040\\size@update\040\\enc@update\040\\gdef\04012{12}\\gde
f\0408{8}\\gdef\0406{6}\\protect\040\\afterassignment\040\\edef\04012{12}\\afte
rassignment\040\\edef\04014.5pt{2.25pt\040plus\040-2.5pt\040minus\040-1.0pt}\\e
def\040{}\\let\040\\def\040\\size@update\040{\\baselineskip\04014.5pt\\relax\04
0\\baselineskip\040\\baselineskip\040\\normalbaselineskip\040\\baselineskip\040
\\setbox\040\\strutbox\040\\hbox\040{\\vrule\040height.7\\baselineskip\040depth
.3\\baselineskip\040width\\z@\040}\\let\040\\size@update\040\\relax\040}\\prote
ct\040\\xdef\040\\OT1/cmtt/m/n/12\040{\\OT1/cmr/m/n/12\040}\\OT1/cmtt/m/n/12\04
0\\size@update\040\\enc@update\040\\protect\040\\begingroup\040\\def\040\\Messa
geBreak\040{\012\(spanish\)\040\040\040\040\040\040\040\040\040\040\040\040\040
\040\040\040}\\let\040\\protect\040\\immediate\\write\040\\@unused\040{\012Pack
age\040spanish\040Warning:\040Replacing\040`OT1/cmr/m/n'\040by\040\\MessageBrea
k\040faked\040small\040caps\040on\040input\040line\04058.\012}\\endgroup\040\\u
ppercase\040{xiv}}} has been referenced but does not exist, replaced by a fixed
 one

pdfTeX warning (dest): name{page.\\protect\040\\unhbox\040\\voidb@x\040\\hbox\0
40{\\protect\040\\relax\040\\protect\040\\edef\040n{sc}\\protect\040\\xdef\040\
\OT1/cmtt/m/n/12\040{\\OT1/cmr/m/n/12\040}\\OT1/cmtt/m/n/12\040\\size@update\04
0\\enc@update\040\\protect\040\\xdef\040\\OT1/cmtt/m/n/12\040{\\OT1/cmr/m/n/12\
040}\\OT1/cmtt/m/n/12\040\\size@update\040\\enc@update\040\\gdef\04012{12}\\gde
f\0408{8}\\gdef\0406{6}\\protect\040\\afterassignment\040\\edef\04012{12}\\afte
rassignment\040\\edef\04014.5pt{2.25pt\040plus\040-2.5pt\040minus\040-1.0pt}\\e
def\040{}\\let\040\\def\040\\size@update\040{\\baselineskip\04014.5pt\\relax\04
0\\baselineskip\040\\baselineskip\040\\normalbaselineskip\040\\baselineskip\040
\\setbox\040\\strutbox\040\\hbox\040{\\vrule\040height.7\\baselineskip\040depth
.3\\baselineskip\040width\\z@\040}\\let\040\\size@update\040\\relax\040}\\prote
ct\040\\xdef\040\\OT1/cmtt/m/n/12\040{\\OT1/cmr/m/n/12\040}\\OT1/cmtt/m/n/12\04
0\\size@update\040\\enc@update\040\\protect\040\\begingroup\040\\def\040\\Messa
geBreak\040{\012\(spanish\)\040\040\040\040\040\040\040\040\040\040\040\040\040
\040\040\040}\\let\040\\protect\040\\immediate\\write\040\\@unused\040{\012Pack
age\040spanish\040Warning:\040Replacing\040`OT1/cmr/m/n'\040by\040\\MessageBrea
k\040faked\040small\040caps\040on\040input\040line\04050.\012}\\endgroup\040\\u
ppercase\040{xiv}}} has been referenced but does not exist, replaced by a fixed
 one

pdfTeX warning (dest): name{page.\\protect\040\\unhbox\040\\voidb@x\040\\hbox\0
40{\\protect\040\\relax\040\\protect\040\\edef\040n{sc}\\protect\040\\xdef\040\
\OT1/cmr/m/it/12\040{\\OT1/cmr/m/n/12\040}\\OT1/cmr/m/it/12\040\\size@update\04
0\\enc@update\040\\protect\040\\xdef\040\\OT1/cmr/m/it/12\040{\\OT1/cmr/m/n/12\
040}\\OT1/cmr/m/it/12\040\\size@update\040\\enc@update\040\\gdef\04012{12}\\gde
f\0408{8}\\gdef\0406{6}\\protect\040\\afterassignment\040\\edef\04012{12}\\afte
rassignment\040\\edef\04014.5pt{2.25pt\040plus\040-2.5pt\040minus\040-1.0pt}\\e
def\040{}\\let\040\\def\040\\size@update\040{\\baselineskip\04014.5pt\\relax\04
0\\baselineskip\040\\baselineskip\040\\normalbaselineskip\040\\baselineskip\040
\\setbox\040\\strutbox\040\\hbox\040{\\vrule\040height.7\\baselineskip\040depth
.3\\baselineskip\040width\\z@\040}\\let\040\\size@update\040\\relax\040}\\prote
ct\040\\xdef\040\\OT1/cmr/m/it/12\040{\\OT1/cmr/m/n/12\040}\\OT1/cmr/m/it/12\04
0\\size@update\040\\enc@update\040\\protect\040\\begingroup\040\\def\040\\Messa
geBreak\040{\012\(spanish\)\040\040\040\040\040\040\040\040\040\040\040\040\040
\040\040\040}\\let\040\\protect\040\\immediate\\write\040\\@unused\040{\012Pack
age\040spanish\040Warning:\040Replacing\040`OT1/cmr/m/n'\040by\040\\MessageBrea
k\040faked\040small\040caps\040on\040input\040line\04044.\012}\\endgroup\040\\u
ppercase\040{xiv}}} has been referenced but does not exist, replaced by a fixed
 one

pdfTeX warning (dest): name{page.\\protect\040\\unhbox\040\\voidb@x\040\\hbox\0
40{\\protect\040\\relax\040\\protect\040\\edef\040n{sc}\\protect\040\\xdef\040\
\OT1/cmtt/m/n/12\040{\\OT1/cmr/m/n/12\040}\\OT1/cmtt/m/n/12\040\\size@update\04
0\\enc@update\040\\protect\040\\xdef\040\\OT1/cmtt/m/n/12\040{\\OT1/cmr/m/n/12\
040}\\OT1/cmtt/m/n/12\040\\size@update\040\\enc@update\040\\gdef\04012{12}\\gde
f\0408{8}\\gdef\0406{6}\\protect\040\\afterassignment\040\\edef\04012{12}\\afte
rassignment\040\\edef\04014.5pt{2.25pt\040plus\040-2.5pt\040minus\040-1.0pt}\\e
def\040{}\\let\040\\def\040\\size@update\040{\\baselineskip\04014.5pt\\relax\04
0\\baselineskip\040\\baselineskip\040\\normalbaselineskip\040\\baselineskip\040
\\setbox\040\\strutbox\040\\hbox\040{\\vrule\040height.7\\baselineskip\040depth
.3\\baselineskip\040width\\z@\040}\\let\040\\size@update\040\\relax\040}\\prote
ct\040\\xdef\040\\OT1/cmtt/m/n/12\040{\\OT1/cmr/m/n/12\040}\\OT1/cmtt/m/n/12\04
0\\size@update\040\\enc@update\040\\protect\040\\begingroup\040\\def\040\\Messa
geBreak\040{\012\(spanish\)\040\040\040\040\040\040\040\040\040\040\040\040\040
\040\040\040}\\let\040\\protect\040\\immediate\\write\040\\@unused\040{\012Pack
age\040spanish\040Warning:\040Replacing\040`OT1/cmr/m/n'\040by\040\\MessageBrea
k\040faked\040small\040caps\040on\040input\040line\04038.\012}\\endgroup\040\\u
ppercase\040{xiv}}} has been referenced but does not exist, replaced by a fixed
 one

pdfTeX warning (dest): name{page.\\protect\040\\unhbox\040\\voidb@x\040\\hbox\0
40{\\protect\040\\relax\040\\protect\040\\edef\040n{sc}\\protect\040\\xdef\040\
\OT1/cmtt/m/n/10.95\040{\\OT1/cmr/m/n/12\040}\\OT1/cmtt/m/n/10.95\040\\size@upd
ate\040\\enc@update\040\\protect\040\\xdef\040\\OT1/cmtt/m/n/10.95\040{\\OT1/cm
r/m/n/12\040}\\OT1/cmtt/m/n/10.95\040\\size@update\040\\enc@update\040\\gdef\04
012{12}\\gdef\0408{8}\\gdef\0406{6}\\protect\040\\afterassignment\040\\edef\040
12{12}\\afterassignment\040\\edef\04014.5pt{2.25pt\040plus\040-2.5pt\040minus\0
40-1.0pt}\\edef\040{}\\let\040\\def\040\\size@update\040{\\baselineskip\04014.5
pt\\relax\040\\baselineskip\040\\baselineskip\040\\normalbaselineskip\040\\base
lineskip\040\\setbox\040\\strutbox\040\\hbox\040{\\vrule\040height.7\\baselines
kip\040depth.3\\baselineskip\040width\\z@\040}\\let\040\\size@update\040\\relax
\040}\\protect\040\\xdef\040\\OT1/cmtt/m/n/10.95\040{\\OT1/cmr/m/n/12\040}\\OT1
/cmtt/m/n/10.95\040\\size@update\040\\enc@update\040\\protect\040\\begingroup\0
40\\def\040\\MessageBreak\040{\012\(spanish\)\040\040\040\040\040\040\040\040\0
40\040\040\040\040\040\040\040}\\let\040\\protect\040\\immediate\\write\040\\@u
nused\040{\012Package\040spanish\040Warning:\040Replacing\040`OT1/cmr/m/n'\040b
y\040\\MessageBreak\040faked\040small\040caps\040on\040input\040line\04033.\012
}\\endgroup\040\\uppercase\040{xiv}}} has been referenced but does not exist, r
eplaced by a fixed one

pdfTeX warning (dest): name{page.\\protect\040\\unhbox\040\\voidb@x\040\\hbox\0
40{\\protect\040\\relax\040\\protect\040\\edef\040n{sc}\\protect\040\\xdef\040\
\OT1/cmr/bx/n/12\040{\\OT1/cmr/m/n/12\040}\\OT1/cmr/bx/n/12\040\\size@update\04
0\\enc@update\040\\protect\040\\xdef\040\\OT1/cmr/bx/n/12\040{\\OT1/cmr/m/n/12\
040}\\OT1/cmr/bx/n/12\040\\size@update\040\\enc@update\040\\gdef\04012{12}\\gde
f\0408{8}\\gdef\0406{6}\\protect\040\\afterassignment\040\\edef\04012{12}\\afte
rassignment\040\\edef\04014.5pt{2.25pt\040plus\040-2.5pt\040minus\040-1.0pt}\\e
def\040{}\\let\040\\def\040\\size@update\040{\\baselineskip\04014.5pt\\relax\04
0\\baselineskip\040\\baselineskip\040\\normalbaselineskip\040\\baselineskip\040
\\setbox\040\\strutbox\040\\hbox\040{\\vrule\040height.7\\baselineskip\040depth
.3\\baselineskip\040width\\z@\040}\\let\040\\size@update\040\\relax\040}\\prote
ct\040\\xdef\040\\OT1/cmr/bx/n/12\040{\\OT1/cmr/m/n/12\040}\\OT1/cmr/bx/n/12\04
0\\size@update\040\\enc@update\040\\protect\040\\begingroup\040\\def\040\\Messa
geBreak\040{\012\(spanish\)\040\040\040\040\040\040\040\040\040\040\040\040\040
\040\040\040}\\let\040\\protect\040\\immediate\\write\040\\@unused\040{\012Pack
age\040spanish\040Warning:\040Replacing\040`OT1/cmr/m/n'\040by\040\\MessageBrea
k\040faked\040small\040caps\040on\040input\040line\04028.\012}\\endgroup\040\\u
ppercase\040{xiii}}} has been referenced but does not exist, replaced by a fixe
d one

pdfTeX warning (dest): name{page.\\protect\040\\unhbox\040\\voidb@x\040\\hbox\0
40{\\protect\040\\relax\040\\protect\040\\edef\040n{sc}\\protect\040\\xdef\040\
\OT1/cmtt/m/n/12\040{\\OT1/cmr/m/n/12\040}\\OT1/cmtt/m/n/12\040\\size@update\04
0\\enc@update\040\\protect\040\\xdef\040\\OT1/cmtt/m/n/12\040{\\OT1/cmr/m/n/12\
040}\\OT1/cmtt/m/n/12\040\\size@update\040\\enc@update\040\\gdef\04012{12}\\gde
f\0408{8}\\gdef\0406{6}\\protect\040\\afterassignment\040\\edef\04012{12}\\afte
rassignment\040\\edef\04014.5pt{2.25pt\040plus\040-2.5pt\040minus\040-1.0pt}\\e
def\040{}\\let\040\\def\040\\size@update\040{\\baselineskip\04014.5pt\\relax\04
0\\baselineskip\040\\baselineskip\040\\normalbaselineskip\040\\baselineskip\040
\\setbox\040\\strutbox\040\\hbox\040{\\vrule\040height.7\\baselineskip\040depth
.3\\baselineskip\040width\\z@\040}\\let\040\\size@update\040\\relax\040}\\prote
ct\040\\xdef\040\\OT1/cmtt/m/n/12\040{\\OT1/cmr/m/n/12\040}\\OT1/cmtt/m/n/12\04
0\\size@update\040\\enc@update\040\\protect\040\\begingroup\040\\def\040\\Messa
geBreak\040{\012\(spanish\)\040\040\040\040\040\040\040\040\040\040\040\040\040
\040\040\040}\\let\040\\protect\040\\immediate\\write\040\\@unused\040{\012Pack
age\040spanish\040Warning:\040Replacing\040`OT1/cmr/m/n'\040by\040\\MessageBrea
k\040faked\040small\040caps\040on\040input\040line\04024.\012}\\endgroup\040\\u
ppercase\040{xiii}}} has been referenced but does not exist, replaced by a fixe
d one

pdfTeX warning (dest): name{page.\\protect\040\\unhbox\040\\voidb@x\040\\hbox\0
40{\\protect\040\\relax\040\\protect\040\\edef\040n{sc}\\protect\040\\xdef\040\
\OT1/cmtt/m/n/12\040{\\OT1/cmr/m/n/12\040}\\OT1/cmtt/m/n/12\040\\size@update\04
0\\enc@update\040\\protect\040\\xdef\040\\OT1/cmtt/m/n/12\040{\\OT1/cmr/m/n/12\
040}\\OT1/cmtt/m/n/12\040\\size@update\040\\enc@update\040\\gdef\04012{12}\\gde
f\0408{8}\\gdef\0406{6}\\protect\040\\afterassignment\040\\edef\04012{12}\\afte
rassignment\040\\edef\04014.5pt{2.25pt\040plus\040-2.5pt\040minus\040-1.0pt}\\e
def\040{}\\let\040\\def\040\\size@update\040{\\baselineskip\04014.5pt\\relax\04
0\\baselineskip\040\\baselineskip\040\\normalbaselineskip\040\\baselineskip\040
\\setbox\040\\strutbox\040\\hbox\040{\\vrule\040height.7\\baselineskip\040depth
.3\\baselineskip\040width\\z@\040}\\let\040\\size@update\040\\relax\040}\\prote
ct\040\\xdef\040\\OT1/cmtt/m/n/12\040{\\OT1/cmr/m/n/12\040}\\OT1/cmtt/m/n/12\04
0\\size@update\040\\enc@update\040\\protect\040\\begingroup\040\\def\040\\Messa
geBreak\040{\012\(spanish\)\040\040\040\040\040\040\040\040\040\040\040\040\040
\040\040\040}\\let\040\\protect\040\\immediate\\write\040\\@unused\040{\012Pack
age\040spanish\040Warning:\040Replacing\040`OT1/cmr/m/n'\040by\040\\MessageBrea
k\040faked\040small\040caps\040on\040input\040line\04018.\012}\\endgroup\040\\u
ppercase\040{xiii}}} has been referenced but does not exist, replaced by a fixe
d one

pdfTeX warning (dest): name{page.\\protect\040\\unhbox\040\\voidb@x\040\\hbox\0
40{\\protect\040\\relax\040\\protect\040\\edef\040n{sc}\\protect\040\\xdef\040\
\OT1/cmr/m/sc/12\040{\\OT1/cmr/m/n/12\040}\\OT1/cmr/m/sc/12\040\\size@update\04
0\\enc@update\040\\protect\040\\xdef\040\\OT1/cmr/m/sc/12\040{\\OT1/cmr/m/n/12\
040}\\OT1/cmr/m/sc/12\040\\size@update\040\\enc@update\040\\gdef\04012{12}\\gde
f\0408{8}\\gdef\0406{6}\\protect\040\\afterassignment\040\\edef\04012{12}\\afte
rassignment\040\\edef\04014.5pt{2.25pt\040plus\040-2.5pt\040minus\040-1.0pt}\\e
def\040{}\\let\040\\def\040\\size@update\040{\\baselineskip\04014.5pt\\relax\04
0\\baselineskip\040\\baselineskip\040\\normalbaselineskip\040\\baselineskip\040
\\setbox\040\\strutbox\040\\hbox\040{\\vrule\040height.7\\baselineskip\040depth
.3\\baselineskip\040width\\z@\040}\\let\040\\size@update\040\\relax\040}\\prote
ct\040\\xdef\040\\OT1/cmr/m/sc/12\040{\\OT1/cmr/m/n/12\040}\\OT1/cmr/m/sc/12\04
0\\size@update\040\\enc@update\040\\protect\040\\begingroup\040\\def\040\\Messa
geBreak\040{\012\(spanish\)\040\040\040\040\040\040\040\040\040\040\040\040\040
\040\040\040}\\let\040\\protect\040\\immediate\\write\040\\@unused\040{\012Pack
age\040spanish\040Warning:\040Replacing\040`OT1/cmr/m/n'\040by\040\\MessageBrea
k\040faked\040small\040caps\040on\040input\040line\04012.\012}\\endgroup\040\\u
ppercase\040{xiv}}} has been referenced but does not exist, replaced by a fixed
 one

pdfTeX warning (dest): name{page.\\protect\040\\unhbox\040\\voidb@x\040\\hbox\0
40{\\protect\040\\relax\040\\protect\040\\edef\040n{sc}\\protect\040\\xdef\040\
\OT1/cmtt/m/n/12\040{\\OT1/cmr/m/n/12\040}\\OT1/cmtt/m/n/12\040\\size@update\04
0\\enc@update\040\\protect\040\\xdef\040\\OT1/cmtt/m/n/12\040{\\OT1/cmr/m/n/12\
040}\\OT1/cmtt/m/n/12\040\\size@update\040\\enc@update\040\\gdef\04012{12}\\gde
f\0408{8}\\gdef\0406{6}\\protect\040\\afterassignment\040\\edef\04012{12}\\afte
rassignment\040\\edef\04014.5pt{2.25pt\040plus\040-2.5pt\040minus\040-1.0pt}\\e
def\040{}\\let\040\\def\040\\size@update\040{\\baselineskip\04014.5pt\\relax\04
0\\baselineskip\040\\baselineskip\040\\normalbaselineskip\040\\baselineskip\040
\\setbox\040\\strutbox\040\\hbox\040{\\vrule\040height.7\\baselineskip\040depth
.3\\baselineskip\040width\\z@\040}\\let\040\\size@update\040\\relax\040}\\prote
ct\040\\xdef\040\\OT1/cmtt/m/n/12\040{\\OT1/cmr/m/n/12\040}\\OT1/cmtt/m/n/12\04
0\\size@update\040\\enc@update\040\\protect\040\\begingroup\040\\def\040\\Messa
geBreak\040{\012\(spanish\)\040\040\040\040\040\040\040\040\040\040\040\040\040
\040\040\040}\\let\040\\protect\040\\immediate\\write\040\\@unused\040{\012Pack
age\040spanish\040Warning:\040Replacing\040`OT1/cmr/m/n'\040by\040\\MessageBrea
k\040faked\040small\040caps\040on\040input\040line\04012.\012}\\endgroup\040\\u
ppercase\040{xiii}}} has been referenced but does not exist, replaced by a fixe
d one

<C:/Program Files (x86)/MiKTeX 2.9/fonts/type1/public/amsfonts/cm/cmbx12.pfb><C
:/Program Files (x86)/MiKTeX 2.9/fonts/type1/public/amsfonts/cm/cmbx8.pfb><C:/P
rogram Files (x86)/MiKTeX 2.9/fonts/type1/public/amsfonts/cm/cmcsc10.pfb><C:/Pr
ogram Files (x86)/MiKTeX 2.9/fonts/type1/public/amsfonts/cm/cmitt10.pfb><C:/Pro
gram Files (x86)/MiKTeX 2.9/fonts/type1/public/amsfonts/cm/cmmi12.pfb><C:/Progr
am Files (x86)/MiKTeX 2.9/fonts/type1/public/amsfonts/cm/cmmi8.pfb><C:/Program 
Files (x86)/MiKTeX 2.9/fonts/type1/public/amsfonts/cm/cmr10.pfb><C:/Program Fil
es (x86)/MiKTeX 2.9/fonts/type1/public/amsfonts/cm/cmr12.pfb><C:/Program Files 
(x86)/MiKTeX 2.9/fonts/type1/public/amsfonts/cm/cmr6.pfb><C:/Program Files (x86
)/MiKTeX 2.9/fonts/type1/public/amsfonts/cm/cmr8.pfb><C:/Program Files (x86)/Mi
KTeX 2.9/fonts/type1/public/amsfonts/cm/cmsy10.pfb><C:/Program Files (x86)/MiKT
eX 2.9/fonts/type1/public/amsfonts/cm/cmti12.pfb><C:/Program Files (x86)/MiKTeX
 2.9/fonts/type1/public/amsfonts/cm/cmtt10.pfb><C:/Program Files (x86)/MiKTeX 2
.9/fonts/type1/public/amsfonts/cm/cmtt12.pfb>
Output written on memoria-pfc.pdf (35 pages, 427899 bytes).
PDF statistics:
 487 PDF objects out of 1000 (max. 8388607)
 123 named destinations out of 1000 (max. 500000)
 168 words of extra memory for PDF output out of 10000 (max. 10000000)

